Performing C++ SOURCE FILE Test COMPILER_SUPPORT_Wshorten64to32 failed with the following output:
Change Dir: /cygdrive/c/Users/jonat/OneDrive/Documents/CMEA/project1/heun_timestep/build/Eigen-prefix/src/Eigen-build/CMakeFiles/CMakeTmp

Run Build Command(s):/usr/bin/make.exe -f Makefile cmTC_6ef3e/fast && make[3]: Entering directory '/cygdrive/c/Users/jonat/OneDrive/Documents/CMEA/project1/heun_timestep/build/Eigen-prefix/src/Eigen-build/CMakeFiles/CMakeTmp'
/usr/bin/make  -f CMakeFiles/cmTC_6ef3e.dir/build.make CMakeFiles/cmTC_6ef3e.dir/build
make[4]: Entering directory '/cygdrive/c/Users/jonat/OneDrive/Documents/CMEA/project1/heun_timestep/build/Eigen-prefix/src/Eigen-build/CMakeFiles/CMakeTmp'
Building CXX object CMakeFiles/cmTC_6ef3e.dir/src.cxx.o
/usr/bin/c++.exe -DCOMPILER_SUPPORT_Wshorten64to32  -std=c++03 -pedantic -Wall -Wextra -Wundef -Wcast-align -Wchar-subscripts -Wnon-virtual-dtor -Wunused-local-typedefs -Wpointer-arith -Wwrite-strings -Wformat-security -Werror   -Wshorten-64-to-32 -o CMakeFiles/cmTC_6ef3e.dir/src.cxx.o -c /cygdrive/c/Users/jonat/OneDrive/Documents/CMEA/project1/heun_timestep/build/Eigen-prefix/src/Eigen-build/CMakeFiles/CMakeTmp/src.cxx
c++: error: unrecognized command-line option '-Wshorten-64-to-32'
make[4]: *** [CMakeFiles/cmTC_6ef3e.dir/build.make:78: CMakeFiles/cmTC_6ef3e.dir/src.cxx.o] Error 1
make[4]: Leaving directory '/cygdrive/c/Users/jonat/OneDrive/Documents/CMEA/project1/heun_timestep/build/Eigen-prefix/src/Eigen-build/CMakeFiles/CMakeTmp'
make[3]: *** [Makefile:127: cmTC_6ef3e/fast] Error 2
make[3]: Leaving directory '/cygdrive/c/Users/jonat/OneDrive/Documents/CMEA/project1/heun_timestep/build/Eigen-prefix/src/Eigen-build/CMakeFiles/CMakeTmp'


Source file was:
int main() { return 0; }
Performing C++ SOURCE FILE Test COMPILER_SUPPORT_Wcpp11extensions failed with the following output:
Change Dir: /cygdrive/c/Users/jonat/OneDrive/Documents/CMEA/project1/heun_timestep/build/Eigen-prefix/src/Eigen-build/CMakeFiles/CMakeTmp

Run Build Command(s):/usr/bin/make.exe -f Makefile cmTC_aa97e/fast && make[3]: Entering directory '/cygdrive/c/Users/jonat/OneDrive/Documents/CMEA/project1/heun_timestep/build/Eigen-prefix/src/Eigen-build/CMakeFiles/CMakeTmp'
/usr/bin/make  -f CMakeFiles/cmTC_aa97e.dir/build.make CMakeFiles/cmTC_aa97e.dir/build
make[4]: Entering directory '/cygdrive/c/Users/jonat/OneDrive/Documents/CMEA/project1/heun_timestep/build/Eigen-prefix/src/Eigen-build/CMakeFiles/CMakeTmp'
Building CXX object CMakeFiles/cmTC_aa97e.dir/src.cxx.o
/usr/bin/c++.exe -DCOMPILER_SUPPORT_Wcpp11extensions  -std=c++03 -pedantic -Wall -Wextra -Wundef -Wcast-align -Wchar-subscripts -Wnon-virtual-dtor -Wunused-local-typedefs -Wpointer-arith -Wwrite-strings -Wformat-security -Wlogical-op -Wenum-conversion -Werror   -Wc++11-extensions -o CMakeFiles/cmTC_aa97e.dir/src.cxx.o -c /cygdrive/c/Users/jonat/OneDrive/Documents/CMEA/project1/heun_timestep/build/Eigen-prefix/src/Eigen-build/CMakeFiles/CMakeTmp/src.cxx
c++: error: unrecognized command-line option '-Wc++11-extensions'; did you mean '-fms-extensions'?
make[4]: *** [CMakeFiles/cmTC_aa97e.dir/build.make:78: CMakeFiles/cmTC_aa97e.dir/src.cxx.o] Error 1
make[4]: Leaving directory '/cygdrive/c/Users/jonat/OneDrive/Documents/CMEA/project1/heun_timestep/build/Eigen-prefix/src/Eigen-build/CMakeFiles/CMakeTmp'
make[3]: *** [Makefile:127: cmTC_aa97e/fast] Error 2
make[3]: Leaving directory '/cygdrive/c/Users/jonat/OneDrive/Documents/CMEA/project1/heun_timestep/build/Eigen-prefix/src/Eigen-build/CMakeFiles/CMakeTmp'


Source file was:
int main() { return 0; }
Performing C++ SOURCE FILE Test COMPILER_SUPPORT_wd981 failed with the following output:
Change Dir: /cygdrive/c/Users/jonat/OneDrive/Documents/CMEA/project1/heun_timestep/build/Eigen-prefix/src/Eigen-build/CMakeFiles/CMakeTmp

Run Build Command(s):/usr/bin/make.exe -f Makefile cmTC_c3fc9/fast && make[3]: Entering directory '/cygdrive/c/Users/jonat/OneDrive/Documents/CMEA/project1/heun_timestep/build/Eigen-prefix/src/Eigen-build/CMakeFiles/CMakeTmp'
/usr/bin/make  -f CMakeFiles/cmTC_c3fc9.dir/build.make CMakeFiles/cmTC_c3fc9.dir/build
make[4]: Entering directory '/cygdrive/c/Users/jonat/OneDrive/Documents/CMEA/project1/heun_timestep/build/Eigen-prefix/src/Eigen-build/CMakeFiles/CMakeTmp'
Building CXX object CMakeFiles/cmTC_c3fc9.dir/src.cxx.o
/usr/bin/c++.exe -DCOMPILER_SUPPORT_wd981  -std=c++03 -pedantic -Wall -Wextra -Wundef -Wcast-align -Wchar-subscripts -Wnon-virtual-dtor -Wunused-local-typedefs -Wpointer-arith -Wwrite-strings -Wformat-security -Wlogical-op -Wenum-conversion -Wdouble-promotion -Wno-psabi -Wno-variadic-macros -Wno-long-long -fno-check-new -fno-common -fstrict-aliasing -Werror   -wd981 -o CMakeFiles/cmTC_c3fc9.dir/src.cxx.o -c /cygdrive/c/Users/jonat/OneDrive/Documents/CMEA/project1/heun_timestep/build/Eigen-prefix/src/Eigen-build/CMakeFiles/CMakeTmp/src.cxx
c++: error: unrecognized command-line option '-wd981'
make[4]: *** [CMakeFiles/cmTC_c3fc9.dir/build.make:78: CMakeFiles/cmTC_c3fc9.dir/src.cxx.o] Error 1
make[4]: Leaving directory '/cygdrive/c/Users/jonat/OneDrive/Documents/CMEA/project1/heun_timestep/build/Eigen-prefix/src/Eigen-build/CMakeFiles/CMakeTmp'
make[3]: *** [Makefile:127: cmTC_c3fc9/fast] Error 2
make[3]: Leaving directory '/cygdrive/c/Users/jonat/OneDrive/Documents/CMEA/project1/heun_timestep/build/Eigen-prefix/src/Eigen-build/CMakeFiles/CMakeTmp'


Source file was:
int main() { return 0; }
Performing C++ SOURCE FILE Test COMPILER_SUPPORT_wd2304 failed with the following output:
Change Dir: /cygdrive/c/Users/jonat/OneDrive/Documents/CMEA/project1/heun_timestep/build/Eigen-prefix/src/Eigen-build/CMakeFiles/CMakeTmp

Run Build Command(s):/usr/bin/make.exe -f Makefile cmTC_521c7/fast && make[3]: Entering directory '/cygdrive/c/Users/jonat/OneDrive/Documents/CMEA/project1/heun_timestep/build/Eigen-prefix/src/Eigen-build/CMakeFiles/CMakeTmp'
/usr/bin/make  -f CMakeFiles/cmTC_521c7.dir/build.make CMakeFiles/cmTC_521c7.dir/build
make[4]: Entering directory '/cygdrive/c/Users/jonat/OneDrive/Documents/CMEA/project1/heun_timestep/build/Eigen-prefix/src/Eigen-build/CMakeFiles/CMakeTmp'
Building CXX object CMakeFiles/cmTC_521c7.dir/src.cxx.o
/usr/bin/c++.exe -DCOMPILER_SUPPORT_wd2304  -std=c++03 -pedantic -Wall -Wextra -Wundef -Wcast-align -Wchar-subscripts -Wnon-virtual-dtor -Wunused-local-typedefs -Wpointer-arith -Wwrite-strings -Wformat-security -Wlogical-op -Wenum-conversion -Wdouble-promotion -Wno-psabi -Wno-variadic-macros -Wno-long-long -fno-check-new -fno-common -fstrict-aliasing -Werror   -wd2304 -o CMakeFiles/cmTC_521c7.dir/src.cxx.o -c /cygdrive/c/Users/jonat/OneDrive/Documents/CMEA/project1/heun_timestep/build/Eigen-prefix/src/Eigen-build/CMakeFiles/CMakeTmp/src.cxx
c++: error: unrecognized command-line option '-wd2304'
make[4]: *** [CMakeFiles/cmTC_521c7.dir/build.make:78: CMakeFiles/cmTC_521c7.dir/src.cxx.o] Error 1
make[4]: Leaving directory '/cygdrive/c/Users/jonat/OneDrive/Documents/CMEA/project1/heun_timestep/build/Eigen-prefix/src/Eigen-build/CMakeFiles/CMakeTmp'
make[3]: *** [Makefile:127: cmTC_521c7/fast] Error 2
make[3]: Leaving directory '/cygdrive/c/Users/jonat/OneDrive/Documents/CMEA/project1/heun_timestep/build/Eigen-prefix/src/Eigen-build/CMakeFiles/CMakeTmp'


Source file was:
int main() { return 0; }
Performing C++ SOURCE FILE Test COMPILER_SUPPORT_STRICTANSI failed with the following output:
Change Dir: /cygdrive/c/Users/jonat/OneDrive/Documents/CMEA/project1/heun_timestep/build/Eigen-prefix/src/Eigen-build/CMakeFiles/CMakeTmp

Run Build Command(s):/usr/bin/make.exe -f Makefile cmTC_1c0d6/fast && make[3]: Entering directory '/cygdrive/c/Users/jonat/OneDrive/Documents/CMEA/project1/heun_timestep/build/Eigen-prefix/src/Eigen-build/CMakeFiles/CMakeTmp'
/usr/bin/make  -f CMakeFiles/cmTC_1c0d6.dir/build.make CMakeFiles/cmTC_1c0d6.dir/build
make[4]: Entering directory '/cygdrive/c/Users/jonat/OneDrive/Documents/CMEA/project1/heun_timestep/build/Eigen-prefix/src/Eigen-build/CMakeFiles/CMakeTmp'
Building CXX object CMakeFiles/cmTC_1c0d6.dir/src.cxx.o
/usr/bin/c++.exe -DCOMPILER_SUPPORT_STRICTANSI  -std=c++03 -pedantic -Wall -Wextra -Wundef -Wcast-align -Wchar-subscripts -Wnon-virtual-dtor -Wunused-local-typedefs -Wpointer-arith -Wwrite-strings -Wformat-security -Wlogical-op -Wenum-conversion -Wdouble-promotion -Wno-psabi -Wno-variadic-macros -Wno-long-long -fno-check-new -fno-common -fstrict-aliasing -Werror   -strict-ansi -o CMakeFiles/cmTC_1c0d6.dir/src.cxx.o -c /cygdrive/c/Users/jonat/OneDrive/Documents/CMEA/project1/heun_timestep/build/Eigen-prefix/src/Eigen-build/CMakeFiles/CMakeTmp/src.cxx
c++: error: unrecognized command-line option '-strict-ansi'; did you mean '-fstrict-enums'?
make[4]: *** [CMakeFiles/cmTC_1c0d6.dir/build.make:78: CMakeFiles/cmTC_1c0d6.dir/src.cxx.o] Error 1
make[4]: Leaving directory '/cygdrive/c/Users/jonat/OneDrive/Documents/CMEA/project1/heun_timestep/build/Eigen-prefix/src/Eigen-build/CMakeFiles/CMakeTmp'
make[3]: *** [Makefile:127: cmTC_1c0d6/fast] Error 2
make[3]: Leaving directory '/cygdrive/c/Users/jonat/OneDrive/Documents/CMEA/project1/heun_timestep/build/Eigen-prefix/src/Eigen-build/CMakeFiles/CMakeTmp'


Source file was:
int main() { return 0; }
Performing C++ SOURCE FILE Test COMPILER_SUPPORT_Qunusedarguments failed with the following output:
Change Dir: /cygdrive/c/Users/jonat/OneDrive/Documents/CMEA/project1/heun_timestep/build/Eigen-prefix/src/Eigen-build/CMakeFiles/CMakeTmp

Run Build Command(s):/usr/bin/make.exe -f Makefile cmTC_d3606/fast && make[3]: Entering directory '/cygdrive/c/Users/jonat/OneDrive/Documents/CMEA/project1/heun_timestep/build/Eigen-prefix/src/Eigen-build/CMakeFiles/CMakeTmp'
/usr/bin/make  -f CMakeFiles/cmTC_d3606.dir/build.make CMakeFiles/cmTC_d3606.dir/build
make[4]: Entering directory '/cygdrive/c/Users/jonat/OneDrive/Documents/CMEA/project1/heun_timestep/build/Eigen-prefix/src/Eigen-build/CMakeFiles/CMakeTmp'
Building CXX object CMakeFiles/cmTC_d3606.dir/src.cxx.o
/usr/bin/c++.exe -DCOMPILER_SUPPORT_Qunusedarguments  -std=c++03 -pedantic -Wall -Wextra -Wundef -Wcast-align -Wchar-subscripts -Wnon-virtual-dtor -Wunused-local-typedefs -Wpointer-arith -Wwrite-strings -Wformat-security -Wlogical-op -Wenum-conversion -Wdouble-promotion -Wno-psabi -Wno-variadic-macros -Wno-long-long -fno-check-new -fno-common -fstrict-aliasing -Werror   -Qunused-arguments -o CMakeFiles/cmTC_d3606.dir/src.cxx.o -c /cygdrive/c/Users/jonat/OneDrive/Documents/CMEA/project1/heun_timestep/build/Eigen-prefix/src/Eigen-build/CMakeFiles/CMakeTmp/src.cxx
c++: error: unrecognized command-line option '-Qunused-arguments'
make[4]: *** [CMakeFiles/cmTC_d3606.dir/build.make:78: CMakeFiles/cmTC_d3606.dir/src.cxx.o] Error 1
make[4]: Leaving directory '/cygdrive/c/Users/jonat/OneDrive/Documents/CMEA/project1/heun_timestep/build/Eigen-prefix/src/Eigen-build/CMakeFiles/CMakeTmp'
make[3]: *** [Makefile:127: cmTC_d3606/fast] Error 2
make[3]: Leaving directory '/cygdrive/c/Users/jonat/OneDrive/Documents/CMEA/project1/heun_timestep/build/Eigen-prefix/src/Eigen-build/CMakeFiles/CMakeTmp'


Source file was:
int main() { return 0; }
The MPI test test_mpi for C in mode normal failed to compile with the following output:
Change Dir: /cygdrive/c/Users/jonat/OneDrive/Documents/CMEA/project1/heun_timestep/build/Eigen-prefix/src/Eigen-build/CMakeFiles/CMakeTmp

Run Build Command(s):/usr/bin/make.exe -f Makefile cmTC_66402/fast && make[3]: Entering directory '/cygdrive/c/Users/jonat/OneDrive/Documents/CMEA/project1/heun_timestep/build/Eigen-prefix/src/Eigen-build/CMakeFiles/CMakeTmp'
/usr/bin/make  -f CMakeFiles/cmTC_66402.dir/build.make CMakeFiles/cmTC_66402.dir/build
make[4]: Entering directory '/cygdrive/c/Users/jonat/OneDrive/Documents/CMEA/project1/heun_timestep/build/Eigen-prefix/src/Eigen-build/CMakeFiles/CMakeTmp'
Building C object CMakeFiles/cmTC_66402.dir/test_mpi.c.o
/usr/bin/cc    -o CMakeFiles/cmTC_66402.dir/test_mpi.c.o -c /usr/share/cmake-3.20.0/Modules/FindMPI/test_mpi.c
/usr/share/cmake-3.20.0/Modules/FindMPI/test_mpi.c:1:10: fatal error: mpi.h: No such file or directory
    1 | #include <mpi.h>
      |          ^~~~~~~
compilation terminated.
make[4]: *** [CMakeFiles/cmTC_66402.dir/build.make:78: CMakeFiles/cmTC_66402.dir/test_mpi.c.o] Error 1
make[4]: Leaving directory '/cygdrive/c/Users/jonat/OneDrive/Documents/CMEA/project1/heun_timestep/build/Eigen-prefix/src/Eigen-build/CMakeFiles/CMakeTmp'
make[3]: *** [Makefile:127: cmTC_66402/fast] Error 2
make[3]: Leaving directory '/cygdrive/c/Users/jonat/OneDrive/Documents/CMEA/project1/heun_timestep/build/Eigen-prefix/src/Eigen-build/CMakeFiles/CMakeTmp'



The MPI test test_mpi for CXX in mode normal failed to compile with the following output:
Change Dir: /cygdrive/c/Users/jonat/OneDrive/Documents/CMEA/project1/heun_timestep/build/Eigen-prefix/src/Eigen-build/CMakeFiles/CMakeTmp

Run Build Command(s):/usr/bin/make.exe -f Makefile cmTC_99e51/fast && make[3]: Entering directory '/cygdrive/c/Users/jonat/OneDrive/Documents/CMEA/project1/heun_timestep/build/Eigen-prefix/src/Eigen-build/CMakeFiles/CMakeTmp'
/usr/bin/make  -f CMakeFiles/cmTC_99e51.dir/build.make CMakeFiles/cmTC_99e51.dir/build
make[4]: Entering directory '/cygdrive/c/Users/jonat/OneDrive/Documents/CMEA/project1/heun_timestep/build/Eigen-prefix/src/Eigen-build/CMakeFiles/CMakeTmp'
Building CXX object CMakeFiles/cmTC_99e51.dir/test_mpi.cpp.o
/usr/bin/c++.exe   -std=c++03 -pedantic -Wall -Wextra -Wundef -Wcast-align -Wchar-subscripts -Wnon-virtual-dtor -Wunused-local-typedefs -Wpointer-arith -Wwrite-strings -Wformat-security -Wlogical-op -Wenum-conversion -Wdouble-promotion -Wno-psabi -Wno-variadic-macros -Wno-long-long -fno-check-new -fno-common -fstrict-aliasing -ansi  -o CMakeFiles/cmTC_99e51.dir/test_mpi.cpp.o -c /cygdrive/c/Users/jonat/OneDrive/Documents/CMEA/project1/heun_timestep/build/Eigen-prefix/src/Eigen-build/CMakeFiles/FindMPI/test_mpi.cpp
/cygdrive/c/Users/jonat/OneDrive/Documents/CMEA/project1/heun_timestep/build/Eigen-prefix/src/Eigen-build/CMakeFiles/FindMPI/test_mpi.cpp:1:10: fatal error: mpi.h: No such file or directory
    1 | #include <mpi.h>
      |          ^~~~~~~
compilation terminated.
make[4]: *** [CMakeFiles/cmTC_99e51.dir/build.make:78: CMakeFiles/cmTC_99e51.dir/test_mpi.cpp.o] Error 1
make[4]: Leaving directory '/cygdrive/c/Users/jonat/OneDrive/Documents/CMEA/project1/heun_timestep/build/Eigen-prefix/src/Eigen-build/CMakeFiles/CMakeTmp'
make[3]: *** [Makefile:127: cmTC_99e51/fast] Error 2
make[3]: Leaving directory '/cygdrive/c/Users/jonat/OneDrive/Documents/CMEA/project1/heun_timestep/build/Eigen-prefix/src/Eigen-build/CMakeFiles/CMakeTmp'



Performing C SOURCE FILE Test SCOTCH_Num_4 failed with the following compile output:
Change Dir: /cygdrive/c/Users/jonat/OneDrive/Documents/CMEA/project1/heun_timestep/build/Eigen-prefix/src/Eigen-build/CMakeFiles/CMakeTmp

Run Build Command(s):/usr/bin/make.exe -f Makefile cmTC_f25d7/fast && make[3]: Entering directory '/cygdrive/c/Users/jonat/OneDrive/Documents/CMEA/project1/heun_timestep/build/Eigen-prefix/src/Eigen-build/CMakeFiles/CMakeTmp'
/usr/bin/make  -f CMakeFiles/cmTC_f25d7.dir/build.make CMakeFiles/cmTC_f25d7.dir/build
make[4]: Entering directory '/cygdrive/c/Users/jonat/OneDrive/Documents/CMEA/project1/heun_timestep/build/Eigen-prefix/src/Eigen-build/CMakeFiles/CMakeTmp'
Building C object CMakeFiles/cmTC_f25d7.dir/src.c.o
/usr/bin/cc -DSCOTCH_Num_4   -o CMakeFiles/cmTC_f25d7.dir/src.c.o -c /cygdrive/c/Users/jonat/OneDrive/Documents/CMEA/project1/heun_timestep/build/Eigen-prefix/src/Eigen-build/CMakeFiles/CMakeTmp/src.c
/cygdrive/c/Users/jonat/OneDrive/Documents/CMEA/project1/heun_timestep/build/Eigen-prefix/src/Eigen-build/CMakeFiles/CMakeTmp/src.c:4:10: fatal error: scotch.h: No such file or directory
    4 | #include <scotch.h>
      |          ^~~~~~~~~~
compilation terminated.
make[4]: *** [CMakeFiles/cmTC_f25d7.dir/build.make:78: CMakeFiles/cmTC_f25d7.dir/src.c.o] Error 1
make[4]: Leaving directory '/cygdrive/c/Users/jonat/OneDrive/Documents/CMEA/project1/heun_timestep/build/Eigen-prefix/src/Eigen-build/CMakeFiles/CMakeTmp'
make[3]: *** [Makefile:127: cmTC_f25d7/fast] Error 2
make[3]: Leaving directory '/cygdrive/c/Users/jonat/OneDrive/Documents/CMEA/project1/heun_timestep/build/Eigen-prefix/src/Eigen-build/CMakeFiles/CMakeTmp'


...and run output:

Return value: 1
Source file was:

#include <stdio.h>
#include <stdint.h>
#include <scotch.h>
int main(int argc, char **argv) {
  if (sizeof(SCOTCH_Num) == 4)
    return 0;
  else
    return 1;
}

Performing C SOURCE FILE Test SCOTCH_Num_8 failed with the following compile output:
Change Dir: /cygdrive/c/Users/jonat/OneDrive/Documents/CMEA/project1/heun_timestep/build/Eigen-prefix/src/Eigen-build/CMakeFiles/CMakeTmp

Run Build Command(s):/usr/bin/make.exe -f Makefile cmTC_17abe/fast && make[3]: Entering directory '/cygdrive/c/Users/jonat/OneDrive/Documents/CMEA/project1/heun_timestep/build/Eigen-prefix/src/Eigen-build/CMakeFiles/CMakeTmp'
/usr/bin/make  -f CMakeFiles/cmTC_17abe.dir/build.make CMakeFiles/cmTC_17abe.dir/build
make[4]: Entering directory '/cygdrive/c/Users/jonat/OneDrive/Documents/CMEA/project1/heun_timestep/build/Eigen-prefix/src/Eigen-build/CMakeFiles/CMakeTmp'
Building C object CMakeFiles/cmTC_17abe.dir/src.c.o
/usr/bin/cc -DSCOTCH_Num_8   -o CMakeFiles/cmTC_17abe.dir/src.c.o -c /cygdrive/c/Users/jonat/OneDrive/Documents/CMEA/project1/heun_timestep/build/Eigen-prefix/src/Eigen-build/CMakeFiles/CMakeTmp/src.c
/cygdrive/c/Users/jonat/OneDrive/Documents/CMEA/project1/heun_timestep/build/Eigen-prefix/src/Eigen-build/CMakeFiles/CMakeTmp/src.c:4:10: fatal error: scotch.h: No such file or directory
    4 | #include <scotch.h>
      |          ^~~~~~~~~~
compilation terminated.
make[4]: *** [CMakeFiles/cmTC_17abe.dir/build.make:78: CMakeFiles/cmTC_17abe.dir/src.c.o] Error 1
make[4]: Leaving directory '/cygdrive/c/Users/jonat/OneDrive/Documents/CMEA/project1/heun_timestep/build/Eigen-prefix/src/Eigen-build/CMakeFiles/CMakeTmp'
make[3]: *** [Makefile:127: cmTC_17abe/fast] Error 2
make[3]: Leaving directory '/cygdrive/c/Users/jonat/OneDrive/Documents/CMEA/project1/heun_timestep/build/Eigen-prefix/src/Eigen-build/CMakeFiles/CMakeTmp'


...and run output:

Return value: 1
Source file was:

#include <stdio.h>
#include <stdint.h>
#include <scotch.h>
int main(int argc, char **argv) {
  if (sizeof(SCOTCH_Num) == 8)
    return 0;
  else
    return 1;
}

The MPI test test_mpi for C in mode normal failed to compile with the following output:
Change Dir: /cygdrive/c/Users/jonat/OneDrive/Documents/CMEA/project1/heun_timestep/build/Eigen-prefix/src/Eigen-build/CMakeFiles/CMakeTmp

Run Build Command(s):/usr/bin/make.exe -f Makefile cmTC_aafc7/fast && make[3]: Entering directory '/cygdrive/c/Users/jonat/OneDrive/Documents/CMEA/project1/heun_timestep/build/Eigen-prefix/src/Eigen-build/CMakeFiles/CMakeTmp'
/usr/bin/make  -f CMakeFiles/cmTC_aafc7.dir/build.make CMakeFiles/cmTC_aafc7.dir/build
make[4]: Entering directory '/cygdrive/c/Users/jonat/OneDrive/Documents/CMEA/project1/heun_timestep/build/Eigen-prefix/src/Eigen-build/CMakeFiles/CMakeTmp'
Building C object CMakeFiles/cmTC_aafc7.dir/test_mpi.c.o
/usr/bin/cc    -o CMakeFiles/cmTC_aafc7.dir/test_mpi.c.o -c /usr/share/cmake-3.20.0/Modules/FindMPI/test_mpi.c
/usr/share/cmake-3.20.0/Modules/FindMPI/test_mpi.c:1:10: fatal error: mpi.h: No such file or directory
    1 | #include <mpi.h>
      |          ^~~~~~~
compilation terminated.
make[4]: *** [CMakeFiles/cmTC_aafc7.dir/build.make:78: CMakeFiles/cmTC_aafc7.dir/test_mpi.c.o] Error 1
make[4]: Leaving directory '/cygdrive/c/Users/jonat/OneDrive/Documents/CMEA/project1/heun_timestep/build/Eigen-prefix/src/Eigen-build/CMakeFiles/CMakeTmp'
make[3]: *** [Makefile:127: cmTC_aafc7/fast] Error 2
make[3]: Leaving directory '/cygdrive/c/Users/jonat/OneDrive/Documents/CMEA/project1/heun_timestep/build/Eigen-prefix/src/Eigen-build/CMakeFiles/CMakeTmp'



The MPI test test_mpi for CXX in mode normal failed to compile with the following output:
Change Dir: /cygdrive/c/Users/jonat/OneDrive/Documents/CMEA/project1/heun_timestep/build/Eigen-prefix/src/Eigen-build/CMakeFiles/CMakeTmp

Run Build Command(s):/usr/bin/make.exe -f Makefile cmTC_c6318/fast && make[3]: Entering directory '/cygdrive/c/Users/jonat/OneDrive/Documents/CMEA/project1/heun_timestep/build/Eigen-prefix/src/Eigen-build/CMakeFiles/CMakeTmp'
/usr/bin/make  -f CMakeFiles/cmTC_c6318.dir/build.make CMakeFiles/cmTC_c6318.dir/build
make[4]: Entering directory '/cygdrive/c/Users/jonat/OneDrive/Documents/CMEA/project1/heun_timestep/build/Eigen-prefix/src/Eigen-build/CMakeFiles/CMakeTmp'
Building CXX object CMakeFiles/cmTC_c6318.dir/test_mpi.cpp.o
/usr/bin/c++.exe   -std=c++03 -pedantic -Wall -Wextra -Wundef -Wcast-align -Wchar-subscripts -Wnon-virtual-dtor -Wunused-local-typedefs -Wpointer-arith -Wwrite-strings -Wformat-security -Wlogical-op -Wenum-conversion -Wdouble-promotion -Wno-psabi -Wno-variadic-macros -Wno-long-long -fno-check-new -fno-common -fstrict-aliasing -ansi  -o CMakeFiles/cmTC_c6318.dir/test_mpi.cpp.o -c /cygdrive/c/Users/jonat/OneDrive/Documents/CMEA/project1/heun_timestep/build/Eigen-prefix/src/Eigen-build/CMakeFiles/FindMPI/test_mpi.cpp
/cygdrive/c/Users/jonat/OneDrive/Documents/CMEA/project1/heun_timestep/build/Eigen-prefix/src/Eigen-build/CMakeFiles/FindMPI/test_mpi.cpp:1:10: fatal error: mpi.h: No such file or directory
    1 | #include <mpi.h>
      |          ^~~~~~~
compilation terminated.
make[4]: *** [CMakeFiles/cmTC_c6318.dir/build.make:78: CMakeFiles/cmTC_c6318.dir/test_mpi.cpp.o] Error 1
make[4]: Leaving directory '/cygdrive/c/Users/jonat/OneDrive/Documents/CMEA/project1/heun_timestep/build/Eigen-prefix/src/Eigen-build/CMakeFiles/CMakeTmp'
make[3]: *** [Makefile:127: cmTC_c6318/fast] Error 2
make[3]: Leaving directory '/cygdrive/c/Users/jonat/OneDrive/Documents/CMEA/project1/heun_timestep/build/Eigen-prefix/src/Eigen-build/CMakeFiles/CMakeTmp'



Performing C SOURCE FILE Test PTSCOTCH_Num_4 failed with the following compile output:
Change Dir: /cygdrive/c/Users/jonat/OneDrive/Documents/CMEA/project1/heun_timestep/build/Eigen-prefix/src/Eigen-build/CMakeFiles/CMakeTmp

Run Build Command(s):/usr/bin/make.exe -f Makefile cmTC_2a087/fast && make[3]: Entering directory '/cygdrive/c/Users/jonat/OneDrive/Documents/CMEA/project1/heun_timestep/build/Eigen-prefix/src/Eigen-build/CMakeFiles/CMakeTmp'
/usr/bin/make  -f CMakeFiles/cmTC_2a087.dir/build.make CMakeFiles/cmTC_2a087.dir/build
make[4]: Entering directory '/cygdrive/c/Users/jonat/OneDrive/Documents/CMEA/project1/heun_timestep/build/Eigen-prefix/src/Eigen-build/CMakeFiles/CMakeTmp'
Building C object CMakeFiles/cmTC_2a087.dir/src.c.o
/usr/bin/cc -DPTSCOTCH_Num_4   -o CMakeFiles/cmTC_2a087.dir/src.c.o -c /cygdrive/c/Users/jonat/OneDrive/Documents/CMEA/project1/heun_timestep/build/Eigen-prefix/src/Eigen-build/CMakeFiles/CMakeTmp/src.c
/cygdrive/c/Users/jonat/OneDrive/Documents/CMEA/project1/heun_timestep/build/Eigen-prefix/src/Eigen-build/CMakeFiles/CMakeTmp/src.c:4:10: fatal error: ptscotch.h: No such file or directory
    4 | #include <ptscotch.h>
      |          ^~~~~~~~~~~~
compilation terminated.
make[4]: *** [CMakeFiles/cmTC_2a087.dir/build.make:78: CMakeFiles/cmTC_2a087.dir/src.c.o] Error 1
make[4]: Leaving directory '/cygdrive/c/Users/jonat/OneDrive/Documents/CMEA/project1/heun_timestep/build/Eigen-prefix/src/Eigen-build/CMakeFiles/CMakeTmp'
make[3]: *** [Makefile:127: cmTC_2a087/fast] Error 2
make[3]: Leaving directory '/cygdrive/c/Users/jonat/OneDrive/Documents/CMEA/project1/heun_timestep/build/Eigen-prefix/src/Eigen-build/CMakeFiles/CMakeTmp'


...and run output:

Return value: 1
Source file was:

#include <stdio.h>
#include <stdint.h>
#include <ptscotch.h>
int main(int argc, char **argv) {
  if (sizeof(SCOTCH_Num) == 4)
    return 0;
  else
    return 1;
}

Performing C SOURCE FILE Test PTSCOTCH_Num_8 failed with the following compile output:
Change Dir: /cygdrive/c/Users/jonat/OneDrive/Documents/CMEA/project1/heun_timestep/build/Eigen-prefix/src/Eigen-build/CMakeFiles/CMakeTmp

Run Build Command(s):/usr/bin/make.exe -f Makefile cmTC_0d439/fast && make[3]: Entering directory '/cygdrive/c/Users/jonat/OneDrive/Documents/CMEA/project1/heun_timestep/build/Eigen-prefix/src/Eigen-build/CMakeFiles/CMakeTmp'
/usr/bin/make  -f CMakeFiles/cmTC_0d439.dir/build.make CMakeFiles/cmTC_0d439.dir/build
make[4]: Entering directory '/cygdrive/c/Users/jonat/OneDrive/Documents/CMEA/project1/heun_timestep/build/Eigen-prefix/src/Eigen-build/CMakeFiles/CMakeTmp'
Building C object CMakeFiles/cmTC_0d439.dir/src.c.o
/usr/bin/cc -DPTSCOTCH_Num_8   -o CMakeFiles/cmTC_0d439.dir/src.c.o -c /cygdrive/c/Users/jonat/OneDrive/Documents/CMEA/project1/heun_timestep/build/Eigen-prefix/src/Eigen-build/CMakeFiles/CMakeTmp/src.c
/cygdrive/c/Users/jonat/OneDrive/Documents/CMEA/project1/heun_timestep/build/Eigen-prefix/src/Eigen-build/CMakeFiles/CMakeTmp/src.c:4:10: fatal error: ptscotch.h: No such file or directory
    4 | #include <ptscotch.h>
      |          ^~~~~~~~~~~~
compilation terminated.
make[4]: *** [CMakeFiles/cmTC_0d439.dir/build.make:78: CMakeFiles/cmTC_0d439.dir/src.c.o] Error 1
make[4]: Leaving directory '/cygdrive/c/Users/jonat/OneDrive/Documents/CMEA/project1/heun_timestep/build/Eigen-prefix/src/Eigen-build/CMakeFiles/CMakeTmp'
make[3]: *** [Makefile:127: cmTC_0d439/fast] Error 2
make[3]: Leaving directory '/cygdrive/c/Users/jonat/OneDrive/Documents/CMEA/project1/heun_timestep/build/Eigen-prefix/src/Eigen-build/CMakeFiles/CMakeTmp'


...and run output:

Return value: 1
Source file was:

#include <stdio.h>
#include <stdint.h>
#include <ptscotch.h>
int main(int argc, char **argv) {
  if (sizeof(SCOTCH_Num) == 8)
    return 0;
  else
    return 1;
}

The MPI test test_mpi for C in mode normal failed to compile with the following output:
Change Dir: /cygdrive/c/Users/jonat/OneDrive/Documents/CMEA/project1/heun_timestep/build/Eigen-prefix/src/Eigen-build/CMakeFiles/CMakeTmp

Run Build Command(s):/usr/bin/make.exe -f Makefile cmTC_3d05e/fast && make[3]: Entering directory '/cygdrive/c/Users/jonat/OneDrive/Documents/CMEA/project1/heun_timestep/build/Eigen-prefix/src/Eigen-build/CMakeFiles/CMakeTmp'
/usr/bin/make  -f CMakeFiles/cmTC_3d05e.dir/build.make CMakeFiles/cmTC_3d05e.dir/build
make[4]: Entering directory '/cygdrive/c/Users/jonat/OneDrive/Documents/CMEA/project1/heun_timestep/build/Eigen-prefix/src/Eigen-build/CMakeFiles/CMakeTmp'
Building C object CMakeFiles/cmTC_3d05e.dir/test_mpi.c.o
/usr/bin/cc    -o CMakeFiles/cmTC_3d05e.dir/test_mpi.c.o -c /usr/share/cmake-3.20.0/Modules/FindMPI/test_mpi.c
/usr/share/cmake-3.20.0/Modules/FindMPI/test_mpi.c:1:10: fatal error: mpi.h: No such file or directory
    1 | #include <mpi.h>
      |          ^~~~~~~
compilation terminated.
make[4]: *** [CMakeFiles/cmTC_3d05e.dir/build.make:78: CMakeFiles/cmTC_3d05e.dir/test_mpi.c.o] Error 1
make[4]: Leaving directory '/cygdrive/c/Users/jonat/OneDrive/Documents/CMEA/project1/heun_timestep/build/Eigen-prefix/src/Eigen-build/CMakeFiles/CMakeTmp'
make[3]: *** [Makefile:127: cmTC_3d05e/fast] Error 2
make[3]: Leaving directory '/cygdrive/c/Users/jonat/OneDrive/Documents/CMEA/project1/heun_timestep/build/Eigen-prefix/src/Eigen-build/CMakeFiles/CMakeTmp'



The MPI test test_mpi for CXX in mode normal failed to compile with the following output:
Change Dir: /cygdrive/c/Users/jonat/OneDrive/Documents/CMEA/project1/heun_timestep/build/Eigen-prefix/src/Eigen-build/CMakeFiles/CMakeTmp

Run Build Command(s):/usr/bin/make.exe -f Makefile cmTC_03571/fast && make[3]: Entering directory '/cygdrive/c/Users/jonat/OneDrive/Documents/CMEA/project1/heun_timestep/build/Eigen-prefix/src/Eigen-build/CMakeFiles/CMakeTmp'
/usr/bin/make  -f CMakeFiles/cmTC_03571.dir/build.make CMakeFiles/cmTC_03571.dir/build
make[4]: Entering directory '/cygdrive/c/Users/jonat/OneDrive/Documents/CMEA/project1/heun_timestep/build/Eigen-prefix/src/Eigen-build/CMakeFiles/CMakeTmp'
Building CXX object CMakeFiles/cmTC_03571.dir/test_mpi.cpp.o
/usr/bin/c++.exe   -std=c++03 -pedantic -Wall -Wextra -Wundef -Wcast-align -Wchar-subscripts -Wnon-virtual-dtor -Wunused-local-typedefs -Wpointer-arith -Wwrite-strings -Wformat-security -Wlogical-op -Wenum-conversion -Wdouble-promotion -Wno-psabi -Wno-variadic-macros -Wno-long-long -fno-check-new -fno-common -fstrict-aliasing -ansi  -o CMakeFiles/cmTC_03571.dir/test_mpi.cpp.o -c /cygdrive/c/Users/jonat/OneDrive/Documents/CMEA/project1/heun_timestep/build/Eigen-prefix/src/Eigen-build/CMakeFiles/FindMPI/test_mpi.cpp
/cygdrive/c/Users/jonat/OneDrive/Documents/CMEA/project1/heun_timestep/build/Eigen-prefix/src/Eigen-build/CMakeFiles/FindMPI/test_mpi.cpp:1:10: fatal error: mpi.h: No such file or directory
    1 | #include <mpi.h>
      |          ^~~~~~~
compilation terminated.
make[4]: *** [CMakeFiles/cmTC_03571.dir/build.make:78: CMakeFiles/cmTC_03571.dir/test_mpi.cpp.o] Error 1
make[4]: Leaving directory '/cygdrive/c/Users/jonat/OneDrive/Documents/CMEA/project1/heun_timestep/build/Eigen-prefix/src/Eigen-build/CMakeFiles/CMakeTmp'
make[3]: *** [Makefile:127: cmTC_03571/fast] Error 2
make[3]: Leaving directory '/cygdrive/c/Users/jonat/OneDrive/Documents/CMEA/project1/heun_timestep/build/Eigen-prefix/src/Eigen-build/CMakeFiles/CMakeTmp'



The MPI test test_mpi for C in mode normal failed to compile with the following output:
Change Dir: /cygdrive/c/Users/jonat/OneDrive/Documents/CMEA/project1/heun_timestep/build/Eigen-prefix/src/Eigen-build/CMakeFiles/CMakeTmp

Run Build Command(s):/usr/bin/make.exe -f Makefile cmTC_bafcb/fast && make[3]: Entering directory '/cygdrive/c/Users/jonat/OneDrive/Documents/CMEA/project1/heun_timestep/build/Eigen-prefix/src/Eigen-build/CMakeFiles/CMakeTmp'
/usr/bin/make  -f CMakeFiles/cmTC_bafcb.dir/build.make CMakeFiles/cmTC_bafcb.dir/build
make[4]: Entering directory '/cygdrive/c/Users/jonat/OneDrive/Documents/CMEA/project1/heun_timestep/build/Eigen-prefix/src/Eigen-build/CMakeFiles/CMakeTmp'
Building C object CMakeFiles/cmTC_bafcb.dir/test_mpi.c.o
/usr/bin/cc    -o CMakeFiles/cmTC_bafcb.dir/test_mpi.c.o -c /usr/share/cmake-3.20.0/Modules/FindMPI/test_mpi.c
/usr/share/cmake-3.20.0/Modules/FindMPI/test_mpi.c:1:10: fatal error: mpi.h: No such file or directory
    1 | #include <mpi.h>
      |          ^~~~~~~
compilation terminated.
make[4]: *** [CMakeFiles/cmTC_bafcb.dir/build.make:78: CMakeFiles/cmTC_bafcb.dir/test_mpi.c.o] Error 1
make[4]: Leaving directory '/cygdrive/c/Users/jonat/OneDrive/Documents/CMEA/project1/heun_timestep/build/Eigen-prefix/src/Eigen-build/CMakeFiles/CMakeTmp'
make[3]: *** [Makefile:127: cmTC_bafcb/fast] Error 2
make[3]: Leaving directory '/cygdrive/c/Users/jonat/OneDrive/Documents/CMEA/project1/heun_timestep/build/Eigen-prefix/src/Eigen-build/CMakeFiles/CMakeTmp'



The MPI test test_mpi for CXX in mode normal failed to compile with the following output:
Change Dir: /cygdrive/c/Users/jonat/OneDrive/Documents/CMEA/project1/heun_timestep/build/Eigen-prefix/src/Eigen-build/CMakeFiles/CMakeTmp

Run Build Command(s):/usr/bin/make.exe -f Makefile cmTC_336b7/fast && make[3]: Entering directory '/cygdrive/c/Users/jonat/OneDrive/Documents/CMEA/project1/heun_timestep/build/Eigen-prefix/src/Eigen-build/CMakeFiles/CMakeTmp'
/usr/bin/make  -f CMakeFiles/cmTC_336b7.dir/build.make CMakeFiles/cmTC_336b7.dir/build
make[4]: Entering directory '/cygdrive/c/Users/jonat/OneDrive/Documents/CMEA/project1/heun_timestep/build/Eigen-prefix/src/Eigen-build/CMakeFiles/CMakeTmp'
Building CXX object CMakeFiles/cmTC_336b7.dir/test_mpi.cpp.o
/usr/bin/c++.exe   -std=c++03 -pedantic -Wall -Wextra -Wundef -Wcast-align -Wchar-subscripts -Wnon-virtual-dtor -Wunused-local-typedefs -Wpointer-arith -Wwrite-strings -Wformat-security -Wlogical-op -Wenum-conversion -Wdouble-promotion -Wno-psabi -Wno-variadic-macros -Wno-long-long -fno-check-new -fno-common -fstrict-aliasing -ansi  -o CMakeFiles/cmTC_336b7.dir/test_mpi.cpp.o -c /cygdrive/c/Users/jonat/OneDrive/Documents/CMEA/project1/heun_timestep/build/Eigen-prefix/src/Eigen-build/CMakeFiles/FindMPI/test_mpi.cpp
/cygdrive/c/Users/jonat/OneDrive/Documents/CMEA/project1/heun_timestep/build/Eigen-prefix/src/Eigen-build/CMakeFiles/FindMPI/test_mpi.cpp:1:10: fatal error: mpi.h: No such file or directory
    1 | #include <mpi.h>
      |          ^~~~~~~
compilation terminated.
make[4]: *** [CMakeFiles/cmTC_336b7.dir/build.make:78: CMakeFiles/cmTC_336b7.dir/test_mpi.cpp.o] Error 1
make[4]: Leaving directory '/cygdrive/c/Users/jonat/OneDrive/Documents/CMEA/project1/heun_timestep/build/Eigen-prefix/src/Eigen-build/CMakeFiles/CMakeTmp'
make[3]: *** [Makefile:127: cmTC_336b7/fast] Error 2
make[3]: Leaving directory '/cygdrive/c/Users/jonat/OneDrive/Documents/CMEA/project1/heun_timestep/build/Eigen-prefix/src/Eigen-build/CMakeFiles/CMakeTmp'



